<?xml version="1.0" encoding="UTF-8"?>
<!-- Generated by org.testng.reporters.JUnitXMLReporter -->
<testsuite hostname="DESKTOP-6AT82SO" name="Test" tests="1" failures="1" timestamp="10 Feb 2018 14:35:13 GMT" time="11.359" errors="0">
  <testcase name="testRegister" time="5.038" classname="com.automation.test.smoke.login">
    <failure type="java.lang.NullPointerException">
      <![CDATA[java.lang.NullPointerException
	at com.automation.test.smoke.login.testRegister(login.java:40)
... Removed 24 stack frames]]>
    </failure>
  </testcase> <!-- testRegister -->
</testsuite> <!-- Test -->
