<?xml version="1.0" encoding="UTF-8"?>
<testng-results skipped="0" failed="0" total="1" passed="1">
  <reporter-output>
  </reporter-output>
  <suite name="Suite" duration-ms="17133" started-at="2018-02-17T17:14:49Z" finished-at="2018-02-17T17:15:06Z">
    <groups>
    </groups>
    <test name="Test" duration-ms="17133" started-at="2018-02-17T17:14:49Z" finished-at="2018-02-17T17:15:06Z">
      <class name="com.automation.test.smoke.singin">
        <test-method status="PASS" signature="preCondition()[pri:0, instance:com.automation.test.smoke.singin@3ac3fd8b]" name="preCondition" is-config="true" duration-ms="6356" started-at="2018-02-17T11:14:49Z" finished-at="2018-02-17T11:14:55Z">
          <reporter-output>
          </reporter-output>
        </test-method> <!-- preCondition -->
        <test-method status="PASS" signature="testSin()[pri:0, instance:com.automation.test.smoke.singin@3ac3fd8b]" name="testSin" duration-ms="10686" started-at="2018-02-17T11:14:55Z" finished-at="2018-02-17T11:15:06Z">
          <reporter-output>
          </reporter-output>
        </test-method> <!-- testSin -->
        <test-method status="PASS" signature="postCondition()[pri:0, instance:com.automation.test.smoke.singin@3ac3fd8b]" name="postCondition" is-config="true" duration-ms="75" started-at="2018-02-17T11:15:06Z" finished-at="2018-02-17T11:15:06Z">
          <reporter-output>
          </reporter-output>
        </test-method> <!-- postCondition -->
      </class> <!-- com.automation.test.smoke.singin -->
    </test> <!-- Test -->
  </suite> <!-- Suite -->
</testng-results>
